[debug] [2018-08-13T18:42:36.020Z] ----------------------------------------------------------------------
[debug] [2018-08-13T18:42:36.022Z] Command:       /home/adam/.nvm/versions/node/v9.10.1/bin/node /home/adam/.nvm/versions/node/v9.10.1/bin/firebase serve --only functions
[debug] [2018-08-13T18:42:36.022Z] CLI Version:   4.0.3
[debug] [2018-08-13T18:42:36.022Z] Platform:      linux
[debug] [2018-08-13T18:42:36.022Z] Node Version:  v9.10.1
[debug] [2018-08-13T18:42:36.022Z] Time:          Mon Aug 13 2018 15:42:36 GMT-0300 (-03)
[debug] [2018-08-13T18:42:36.022Z] ----------------------------------------------------------------------
[debug] 
[debug] [2018-08-13T18:42:36.031Z] > command requires scopes: ["email","openid","https://www.googleapis.com/auth/cloudplatformprojects.readonly","https://www.googleapis.com/auth/firebase","https://www.googleapis.com/auth/cloud-platform"]
[debug] [2018-08-13T18:42:36.031Z] > authorizing via signed-in user
[debug] [2018-08-13T18:42:36.033Z] >>> HTTP REQUEST GET https://admin.firebase.com/v1/projects/food-roulette-9415c  
  
 Mon Aug 13 2018 15:42:36 GMT-0300 (-03)
[debug] [2018-08-13T18:42:36.792Z] <<< HTTP RESPONSE 200
[debug] [2018-08-13T18:42:36.796Z] >>> HTTP REQUEST GET https://admin.firebase.com/v1/database/food-roulette-9415c/tokens  
  
 Mon Aug 13 2018 15:42:36 GMT-0300 (-03)
[debug] [2018-08-13T18:42:37.534Z] <<< HTTP RESPONSE 200
[debug] [2018-08-13T18:42:37.537Z] >>> HTTP REQUEST GET https://cloudresourcemanager.googleapis.com/v1/projects/food-roulette-9415c  
  
 Mon Aug 13 2018 15:42:37 GMT-0300 (-03)
[debug] [2018-08-13T18:42:38.511Z] <<< HTTP RESPONSE 200
[info] 
[info] === Serving from '/home/adam/Projects/food-roulette'...
[info] 
[info] i  functions: Preparing to emulate functions.
[debug] [2018-08-13T18:42:39.044Z] Fetching environment
[debug] [2018-08-13T18:42:39.045Z] >>> HTTP REQUEST GET https://mobilesdk-pa.googleapis.com/v1/projects/571763987438:getServerAppConfig  
  
 Mon Aug 13 2018 15:42:39 GMT-0300 (-03)
[debug] [2018-08-13T18:42:39.505Z] <<< HTTP RESPONSE 200
[debug] [2018-08-13T18:42:39.506Z] Starting @google-cloud/functions-emulator
[debug] [2018-08-13T18:42:41.052Z] Parsing function triggers
[info] ✔  functions: spinTheRoulette: http://localhost:5000/food-roulette-9415c/us-central1/spinTheRoulette
